# JRE version: Java(TM) SE Runtime Environment (7.0_45-b18) (build 1.7.0_45-b18)
# Java VM: Java HotSpot(TM) 64-Bit Server VM (24.45-b08 mixed mode linux-amd64 compressed oops)
Heap
 PSYoungGen      total 279552K, used 0K [0x0000000758600000, 0x000000077a800000, 0x0000000800000000)
  eden space 258048K, 0% used [0x0000000758600000,0x0000000758600000,0x0000000768200000)
  from space 21504K, 0% used [0x0000000768200000,0x0000000768200000,0x0000000769700000)
  to   space 21504K, 0% used [0x0000000779300000,0x0000000779300000,0x000000077a800000)
 ParOldGen       total 343040K, used 328333K [0x0000000609200000, 0x000000061e100000, 0x0000000758600000)
  object space 343040K, 95% used [0x0000000609200000,0x000000061d2a3530,0x000000061e100000)
 PSPermGen       total 21504K, used 6697K [0x0000000604000000, 0x0000000605500000, 0x0000000609200000)
  object space 21504K, 31% used [0x0000000604000000,0x000000060468a608,0x0000000605500000)
GC Heap History (7 events):
Event: 5.746 GC heap before
{Heap before GC invocations=1 (full 0):
 PSYoungGen      total 150528K, used 129024K [0x0000000758600000, 0x0000000762e00000, 0x0000000800000000)
  eden space 129024K, 100% used [0x0000000758600000,0x0000000760400000,0x0000000760400000)
  from space 21504K, 0% used [0x0000000761900000,0x0000000761900000,0x0000000762e00000)
  to   space 21504K, 0% used [0x0000000760400000,0x0000000760400000,0x0000000761900000)
 ParOldGen       total 343040K, used 0K [0x0000000609200000, 0x000000061e100000, 0x0000000758600000)
  object space 343040K, 0% used [0x0000000609200000,0x0000000609200000,0x000000061e100000)
 PSPermGen       total 21504K, used 5102K [0x0000000604000000, 0x0000000605500000, 0x0000000609200000)
  object space 21504K, 23% used [0x0000000604000000,0x00000006044fb990,0x0000000605500000)
Event: 6.634 GC heap after
Heap after GC invocations=1 (full 0):
 PSYoungGen      total 150528K, used 21488K [0x0000000758600000, 0x000000076ac00000, 0x0000000800000000)
  eden space 129024K, 0% used [0x0000000758600000,0x0000000758600000,0x0000000760400000)
  from space 21504K, 99% used [0x0000000760400000,0x00000007618fc040,0x0000000761900000)
  to   space 21504K, 0% used [0x0000000769700000,0x0000000769700000,0x000000076ac00000)
 ParOldGen       total 343040K, used 70579K [0x0000000609200000, 0x000000061e100000, 0x0000000758600000)
  object space 343040K, 20% used [0x0000000609200000,0x000000060d6ecfe8,0x000000061e100000)
 PSPermGen       total 21504K, used 5102K [0x0000000604000000, 0x0000000605500000, 0x0000000609200000)
  object space 21504K, 23% used [0x0000000604000000,0x00000006044fb990,0x0000000605500000)
}
Event: 15.037 GC heap before
{Heap before GC invocations=2 (full 0):
 PSYoungGen      total 150528K, used 149397K [0x0000000758600000, 0x000000076ac00000, 0x0000000800000000)
  eden space 129024K, 99% used [0x0000000758600000,0x00000007602e93c0,0x0000000760400000)
  from space 21504K, 99% used [0x0000000760400000,0x00000007618fc040,0x0000000761900000)
  to   space 21504K, 0% used [0x0000000769700000,0x0000000769700000,0x000000076ac00000)
 ParOldGen       total 343040K, used 70579K [0x0000000609200000, 0x000000061e100000, 0x0000000758600000)
  object space 343040K, 20% used [0x0000000609200000,0x000000060d6ecfe8,0x000000061e100000)
 PSPermGen       total 21504K, used 6696K [0x0000000604000000, 0x0000000605500000, 0x0000000609200000)
  object space 21504K, 31% used [0x0000000604000000,0x000000060468a0d0,0x0000000605500000)
Event: 16.400 GC heap after
Heap after GC invocations=2 (full 0):
 PSYoungGen      total 279552K, used 21504K [0x0000000758600000, 0x000000076ac00000, 0x0000000800000000)
  eden space 258048K, 0% used [0x0000000758600000,0x0000000758600000,0x0000000768200000)
  from space 21504K, 100% used [0x0000000769700000,0x000000076ac00000,0x000000076ac00000)
  to   space 21504K, 0% used [0x0000000768200000,0x0000000768200000,0x0000000769700000)
 ParOldGen       total 343040K, used 143310K [0x0000000609200000, 0x000000061e100000, 0x0000000758600000)
  object space 343040K, 41% used [0x0000000609200000,0x0000000611df3938,0x000000061e100000)
 PSPermGen       total 21504K, used 6696K [0x0000000604000000, 0x0000000605500000, 0x0000000609200000)
  object space 21504K, 31% used [0x0000000604000000,0x000000060468a0d0,0x0000000605500000)
}
Event: 32.226 GC heap before
{Heap before GC invocations=3 (full 0):
 PSYoungGen      total 279552K, used 278417K [0x0000000758600000, 0x000000076ac00000, 0x0000000800000000)
  eden space 258048K, 99% used [0x0000000758600000,0x00000007680e4778,0x0000000768200000)
  from space 21504K, 100% used [0x0000000769700000,0x000000076ac00000,0x000000076ac00000)
  to   space 21504K, 0% used [0x0000000768200000,0x0000000768200000,0x0000000769700000)
 ParOldGen       total 343040K, used 143310K [0x0000000609200000, 0x000000061e100000, 0x0000000758600000)
  object space 343040K, 41% used [0x0000000609200000,0x0000000611df3938,0x000000061e100000)
 PSPermGen       total 21504K, used 6700K [0x0000000604000000, 0x0000000605500000, 0x0000000609200000)
  object space 21504K, 31% used [0x0000000604000000,0x000000060468b0a0,0x0000000605500000)
Event: 33.100 GC heap after
Heap after GC invocations=3 (full 0):
 PSYoungGen      total 279552K, used 21498K [0x0000000758600000, 0x000000077a800000, 0x0000000800000000)
  eden space 258048K, 0% used [0x0000000758600000,0x0000000758600000,0x0000000768200000)
  from space 21504K, 99% used [0x0000000768200000,0x00000007696feb98,0x0000000769700000)
  to   space 21504K, 0% used [0x0000000779300000,0x0000000779300000,0x000000077a800000)
 ParOldGen       total 343040K, used 310582K [0x0000000609200000, 0x000000061e100000, 0x0000000758600000)
  object space 343040K, 90% used [0x0000000609200000,0x000000061c14d8e0,0x000000061e100000)
 PSPermGen       total 21504K, used 6700K [0x0000000604000000, 0x0000000605500000, 0x0000000609200000)
  object space 21504K, 31% used [0x0000000604000000,0x000000060468b0a0,0x0000000605500000)
}
Event: 33.122 GC heap before
{Heap before GC invocations=4 (full 1):
 PSYoungGen      total 279552K, used 21498K [0x0000000758600000, 0x000000077a800000, 0x0000000800000000)
  eden space 258048K, 0% used [0x0000000758600000,0x0000000758600000,0x0000000768200000)
  from space 21504K, 99% used [0x0000000768200000,0x00000007696feb98,0x0000000769700000)
  to   space 21504K, 0% used [0x0000000779300000,0x0000000779300000,0x000000077a800000)
 ParOldGen       total 343040K, used 310582K [0x0000000609200000, 0x000000061e100000, 0x0000000758600000)
  object space 343040K, 90% used [0x0000000609200000,0x000000061c14d8e0,0x000000061e100000)
 PSPermGen       total 21504K, used 6700K [0x0000000604000000, 0x0000000605500000, 0x0000000609200000)
  object space 21504K, 31% used [0x0000000604000000,0x000000060468b0a0,0x0000000605500000)

